<?xml version="1.0" encoding="UTF-8"?>
<!-- Generated by org.testng.reporters.JUnitXMLReporter -->
<testsuite ignored="0" hostname="DESKTOP-1Q9C5PA" failures="1" tests="1" name="Test" time="16.573" errors="0" timestamp="2023-06-22T08:54:22 IST">
  <testcase classname="io.cucumber.testng.AbstractTestNGCucumberTests" name="runScenario" time="9.996">
    <failure type="java.lang.NullPointerException" message="Cannot invoke &amp;quot;org.openqa.selenium.WebDriver.manage()&amp;quot; because &amp;quot;this.driver&amp;quot; is null">
      <![CDATA[java.lang.NullPointerException: Cannot invoke "org.openqa.selenium.WebDriver.manage()" because "this.driver" is null
at hooks.AppHooks.launchBrowser(AppHooks.java:36)
]]>
    </failure>
  </testcase> <!-- runScenario -->
</testsuite> <!-- Test -->
