<?xml version="1.0" encoding="UTF-8"?>
<testsuite xmlns:xsi="http://www.w3.org/2001/XMLSchema-instance" xsi:noNamespaceSchemaLocation="https://maven.apache.org/surefire/maven-surefire-plugin/xsd/surefire-test-report-3.0.xsd" version="3.0" name="TestSuite" time="40.28" tests="3" errors="0" skipped="0" failures="0">
  <properties>
[...]
</properties>
  <testcase name="runScenario[&quot;Select a product and add item to cart&quot;, &quot;add to cart&quot;](1)" classname="runner.PetStoreRunner" time="13.573">
    <system-out><![CDATA[
Scenario: Select a product and add item to cart                                           # src/test/resources/AppFeature/AddToCart.feature:3
  Given user should be on sign in page                                                    # steps.SignInSteps.user_should_be_on_sign_in_page()
  When user click on sign in button                                                       # steps.SignInSteps.user_click_on_sign_in_button()
  And user enters username as "Sarfaraj" and password as "Admin@123"                      # steps.SignInSteps.user_enters_username_as_and_password_as(java.lang.String,java.lang.String)
  And user click on login button                                                          # steps.SignInSteps.user_click_on_login_button()
  And user click on product Fish                                                          # steps.AddToCartSteps.user_click_on_product_fish()
  And user click on product Id AngelFish                                                  # steps.AddToCartSteps.user_click_on_product_id_angel_fish()
  And user click on add to cart button                                                    # steps.AddToCartSteps.user_click_on_add_to_cart_button()
  And user click on proceed to checkout                                                   # steps.AddToCartSteps.user_click_on_proceed_to_checkout()
  And user click on continue button                                                       # steps.AddToCartSteps.user_click_on_continue_button()
  And user click on confirm button                                                        # steps.AddToCartSteps.user_click_on_confirm_button()
Thank you, your order has been submitted.
  Then user should able to see the message as "Thank you, your order has been submitted." # steps.AddToCartSteps.user_should_able_to_see_the_message_as(java.lang.String)
]]></system-out>
    <system-err><![CDATA[SLF4J: Failed to load class "org.slf4j.impl.StaticLoggerBinder".
SLF4J: Defaulting to no-operation (NOP) logger implementation
SLF4J: See http://www.slf4j.org/codes.html#StaticLoggerBinder for further details.
Jun 26, 2023 12:35:43 PM org.openqa.selenium.manager.SeleniumManager getDriverPath
INFO: Applicable driver not found; attempting to install with Selenium Manager (Beta)
Starting ChromeDriver 114.0.5735.90 (386bc09e8f4f2e025eddae123f36f6263096ae49-refs/branch-heads/5735@{#1052}) on port 3113
Only local connections are allowed.
Please see https://chromedriver.chromium.org/security-considerations for suggestions on keeping ChromeDriver safe.
ChromeDriver was started successfully.
Jun 26, 2023 12:35:50 PM org.openqa.selenium.devtools.CdpVersionFinder findNearestMatch
WARNING: Unable to find an exact match for CDP version 114, so returning the closest version found: 113
Jun 26, 2023 12:35:56 PM org.openqa.selenium.remote.http.WebSocket$Listener onError
WARNING: Connection reset
java.net.SocketException: Connection reset
	at java.base/sun.nio.ch.SocketChannelImpl.throwConnectionReset(SocketChannelImpl.java:394)
	at java.base/sun.nio.ch.SocketChannelImpl.read(SocketChannelImpl.java:426)
	at io.netty.buffer.PooledByteBuf.setBytes(PooledByteBuf.java:256)
	at io.netty.buffer.AbstractByteBuf.writeBytes(AbstractByteBuf.java:1132)
	at io.netty.channel.socket.nio.NioSocketChannel.doReadBytes(NioSocketChannel.java:357)
	at io.netty.channel.nio.AbstractNioByteChannel$NioByteUnsafe.read(AbstractNioByteChannel.java:151)
	at io.netty.channel.nio.NioEventLoop.processSelectedKey(NioEventLoop.java:788)
	at io.netty.channel.nio.NioEventLoop.processSelectedKeysOptimized(NioEventLoop.java:724)
	at io.netty.channel.nio.NioEventLoop.processSelectedKeys(NioEventLoop.java:650)
	at io.netty.channel.nio.NioEventLoop.run(NioEventLoop.java:562)
	at io.netty.util.concurrent.SingleThreadEventExecutor$4.run(SingleThreadEventExecutor.java:997)
	at io.netty.util.internal.ThreadExecutorMap$2.run(ThreadExecutorMap.java:74)
	at io.netty.util.concurrent.FastThreadLocalRunnable.run(FastThreadLocalRunnable.java:30)
	at java.base/java.lang.Thread.run(Thread.java:833)

]]></system-err>
  </testcase>
  <testcase name="runScenario[&quot;creat an account&quot;, &quot;Registration&quot;](2)" classname="runner.PetStoreRunner" time="8.161">
    <system-out><![CDATA[
Scenario: creat an account                            # src/test/resources/AppFeature/Registration.feature:3
  Given user shold be on home page                    # steps.RegistrationSteps.user_shold_be_on_home_page()
  When user click on sign button                      # steps.RegistrationSteps.user_click_on_sign_button()
  And user click on Register Now button               # steps.RegistrationSteps.user_click_on_register_now_button()
  And user enters User Id as "Sarfaraj"               # steps.RegistrationSteps.user_enters_user_id_as(java.lang.String)
  And user enters new password as "Admin@123"         # steps.RegistrationSteps.user_enters_new_password_as(java.lang.String)
  And user enters repeat password as "Admin@123"      # steps.RegistrationSteps.user_enters_repeat_password_as(java.lang.String)
  And user enters First name as "Sarfaraj"            # steps.RegistrationSteps.user_enters_first_name_as(java.lang.String)
  And user enters Last name as "Sayyad"               # steps.RegistrationSteps.user_enters_last_name_as(java.lang.String)
  And user enters email as "sarfarajsayyad@gmail.com" # steps.RegistrationSteps.user_enters_email_as(java.lang.String)
  And user enters phone as "1234567890"               # steps.RegistrationSteps.user_enters_phone_as(java.lang.String)
  And user enters address1 as "Latur"                 # steps.RegistrationSteps.user_enters_address1_as(java.lang.String)
  And user enters address2 as "Pune"                  # steps.RegistrationSteps.user_enters_address2_as(java.lang.String)
  And user enters city as "Pune"                      # steps.RegistrationSteps.user_enters_city_as(java.lang.String)
  And user enters state as "Maharastra"               # steps.RegistrationSteps.user_enters_state_as(java.lang.String)
  And user enters zip as "413211"                     # steps.RegistrationSteps.user_enters_zip_as(java.lang.String)
  And user enters country as "India"                  # steps.RegistrationSteps.user_enters_country_as(java.lang.String)
  And user clicks on Enable MyList checkbox           # steps.RegistrationSteps.user_clicks_on_enable_my_list_checkbox()
  And user clicks on Enable MyBanner checkbox         # steps.RegistrationSteps.user_clicks_on_enable_my_banner_checkbox()
  And user clicks on save account information         # steps.RegistrationSteps.user_clicks_on_save_account_information()
  Then user should on home page                       # steps.RegistrationSteps.user_should_on_home_page()
]]></system-out>
    <system-err><![CDATA[Jun 26, 2023 12:35:56 PM org.openqa.selenium.manager.SeleniumManager getDriverPath
INFO: Applicable driver not found; attempting to install with Selenium Manager (Beta)
Starting ChromeDriver 114.0.5735.90 (386bc09e8f4f2e025eddae123f36f6263096ae49-refs/branch-heads/5735@{#1052}) on port 17179
Only local connections are allowed.
Please see https://chromedriver.chromium.org/security-considerations for suggestions on keeping ChromeDriver safe.
ChromeDriver was started successfully.
Jun 26, 2023 12:35:59 PM org.openqa.selenium.devtools.CdpVersionFinder findNearestMatch
WARNING: Unable to find an exact match for CDP version 114, so returning the closest version found: 113
]]></system-err>
  </testcase>
  <testcase name="runScenario[&quot;SignIn with valid credentials&quot;, &quot;SignIn&quot;](3)" classname="runner.PetStoreRunner" time="6.254">
    <system-out><![CDATA[
Scenario: SignIn with valid credentials                                          # src/test/resources/AppFeature/SignIn.feature:3
  Given user should be on sign in page                                           # steps.SignInSteps.user_should_be_on_sign_in_page()
  When user click on sign in button                                              # steps.SignInSteps.user_click_on_sign_in_button()
  And user enters username as "Sarfaraj" and password as "Admin@123"             # steps.SignInSteps.user_enters_username_as_and_password_as(java.lang.String,java.lang.String)
  And user click on login button                                                 # steps.SignInSteps.user_click_on_login_button()
  Then user name should appear at left corner of the page as "Welcome Sarfaraj!" # steps.SignInSteps.user_name_should_appear_at_left_corner_of_the_page_as(java.lang.String)
]]></system-out>
    <system-err><![CDATA[Jun 26, 2023 12:36:04 PM org.openqa.selenium.manager.SeleniumManager getDriverPath
INFO: Applicable driver not found; attempting to install with Selenium Manager (Beta)
Starting ChromeDriver 114.0.5735.90 (386bc09e8f4f2e025eddae123f36f6263096ae49-refs/branch-heads/5735@{#1052}) on port 24077
Only local connections are allowed.
Please see https://chromedriver.chromium.org/security-considerations for suggestions on keeping ChromeDriver safe.
ChromeDriver was started successfully.
Jun 26, 2023 12:36:07 PM org.openqa.selenium.devtools.CdpVersionFinder findNearestMatch
WARNING: Unable to find an exact match for CDP version 114, so returning the closest version found: 113
]]></system-err>
  </testcase>
</testsuite>