<?xml version="1.0" encoding="UTF-8"?>
<testng-results ignored="0" total="3" passed="3" failed="0" skipped="0">
  <reporter-output>
  </reporter-output>
  <suite started-at="2023-06-26T12:35:41 IST" name="Suite" finished-at="2023-06-26T12:36:20 IST" duration-ms="38650">
    <groups>
      <group name="cucumber">
        <method signature="AbstractTestNGCucumberTests.runScenario(io.cucumber.testng.PickleWrapper,io.cucumber.testng.FeatureWrapper)[pri:0, instance:runner.PetStoreRunner@4cc451f2]" name="runScenario" class="io.cucumber.testng.AbstractTestNGCucumberTests"/>
      </group> <!-- cucumber -->
    </groups>
    <test started-at="2023-06-26T12:35:41 IST" name="Test" finished-at="2023-06-26T12:36:20 IST" duration-ms="38650">
      <class name="runner.PetStoreRunner">
        <test-method is-config="true" signature="setUpClass(org.testng.ITestContext)[pri:0, instance:runner.PetStoreRunner@4cc451f2]" started-at="2023-06-26T12:35:41 IST" name="setUpClass" finished-at="2023-06-26T12:35:43 IST" duration-ms="1176" status="PASS">
          <params>
            <param index="0">
              <value>
                <![CDATA[org.testng.TestRunner@7da635c0]]>
              </value>
            </param>
          </params>
          <reporter-output>
          </reporter-output>
        </test-method> <!-- setUpClass -->
        <test-method signature="runScenario(io.cucumber.testng.PickleWrapper,io.cucumber.testng.FeatureWrapper)[pri:0, instance:runner.PetStoreRunner@4cc451f2]" started-at="2023-06-26T12:35:43 IST" name="runScenario" description="Runs Cucumber Scenarios" data-provider="scenarios" finished-at="2023-06-26T12:35:56 IST" duration-ms="13571" status="PASS">
          <params>
            <param index="0">
              <value>
                <![CDATA["Select a product and add item to cart"]]>
              </value>
            </param>
            <param index="1">
              <value>
                <![CDATA["add to cart"]]>
              </value>
            </param>
          </params>
          <reporter-output>
          </reporter-output>
        </test-method> <!-- runScenario -->
        <test-method signature="runScenario(io.cucumber.testng.PickleWrapper,io.cucumber.testng.FeatureWrapper)[pri:0, instance:runner.PetStoreRunner@4cc451f2]" started-at="2023-06-26T12:35:56 IST" name="runScenario" description="Runs Cucumber Scenarios" data-provider="scenarios" finished-at="2023-06-26T12:36:04 IST" duration-ms="8166" status="PASS">
          <params>
            <param index="0">
              <value>
                <![CDATA["creat an account"]]>
              </value>
            </param>
            <param index="1">
              <value>
                <![CDATA["Registration"]]>
              </value>
            </param>
          </params>
          <reporter-output>
          </reporter-output>
        </test-method> <!-- runScenario -->
        <test-method signature="runScenario(io.cucumber.testng.PickleWrapper,io.cucumber.testng.FeatureWrapper)[pri:0, instance:runner.PetStoreRunner@4cc451f2]" started-at="2023-06-26T12:36:04 IST" name="runScenario" description="Runs Cucumber Scenarios" data-provider="scenarios" finished-at="2023-06-26T12:36:11 IST" duration-ms="6255" status="PASS">
          <params>
            <param index="0">
              <value>
                <![CDATA["SignIn with valid credentials"]]>
              </value>
            </param>
            <param index="1">
              <value>
                <![CDATA["SignIn"]]>
              </value>
            </param>
          </params>
          <reporter-output>
          </reporter-output>
        </test-method> <!-- runScenario -->
        <test-method is-config="true" signature="tearDownClass()[pri:0, instance:runner.PetStoreRunner@4cc451f2]" started-at="2023-06-26T12:36:11 IST" name="tearDownClass" finished-at="2023-06-26T12:36:20 IST" duration-ms="9406" status="PASS">
          <reporter-output>
          </reporter-output>
        </test-method> <!-- tearDownClass -->
      </class> <!-- runner.PetStoreRunner -->
    </test> <!-- Test -->
  </suite> <!-- Suite -->
</testng-results>
