<?xml version="1.0" encoding="UTF-8"?>
<testng-results ignored="0" total="2" passed="2" failed="0" skipped="0">
  <reporter-output>
  </reporter-output>
  <suite started-at="2023-06-25T18:09:50 IST" name="Default suite" finished-at="2023-06-25T18:10:20 IST" duration-ms="29666">
    <groups>
      <group name="cucumber">
        <method signature="AbstractTestNGCucumberTests.runScenario(io.cucumber.testng.PickleWrapper,io.cucumber.testng.FeatureWrapper)[pri:0, instance:runner.PetStoreRunner@3270d194]" name="runScenario" class="io.cucumber.testng.AbstractTestNGCucumberTests"/>
      </group> <!-- cucumber -->
    </groups>
    <test started-at="2023-06-25T18:09:50 IST" name="Default test" finished-at="2023-06-25T18:10:20 IST" duration-ms="29666">
      <class name="runner.PetStoreRunner">
        <test-method is-config="true" signature="setUpClass(org.testng.ITestContext)[pri:0, instance:runner.PetStoreRunner@3270d194]" started-at="2023-06-25T18:09:50 IST" name="setUpClass" finished-at="2023-06-25T18:09:52 IST" duration-ms="1261" status="PASS">
          <params>
            <param index="0">
              <value>
                <![CDATA[org.testng.TestRunner@34414ffc]]>
              </value>
            </param>
          </params>
          <reporter-output>
          </reporter-output>
        </test-method> <!-- setUpClass -->
        <test-method signature="runScenario(io.cucumber.testng.PickleWrapper,io.cucumber.testng.FeatureWrapper)[pri:0, instance:runner.PetStoreRunner@3270d194]" started-at="2023-06-25T18:09:52 IST" name="runScenario" description="Runs Cucumber Scenarios" data-provider="scenarios" finished-at="2023-06-25T18:10:10 IST" duration-ms="17919" status="PASS">
          <params>
            <param index="0">
              <value>
                <![CDATA["creat an account"]]>
              </value>
            </param>
            <param index="1">
              <value>
                <![CDATA["Registration"]]>
              </value>
            </param>
          </params>
          <reporter-output>
          </reporter-output>
        </test-method> <!-- runScenario -->
        <test-method signature="runScenario(io.cucumber.testng.PickleWrapper,io.cucumber.testng.FeatureWrapper)[pri:0, instance:runner.PetStoreRunner@3270d194]" started-at="2023-06-25T18:10:10 IST" name="runScenario" description="Runs Cucumber Scenarios" data-provider="scenarios" finished-at="2023-06-25T18:10:16 IST" duration-ms="6230" status="PASS">
          <params>
            <param index="0">
              <value>
                <![CDATA["SignIn with valid credentials"]]>
              </value>
            </param>
            <param index="1">
              <value>
                <![CDATA["SignIn"]]>
              </value>
            </param>
          </params>
          <reporter-output>
          </reporter-output>
        </test-method> <!-- runScenario -->
        <test-method is-config="true" signature="tearDownClass()[pri:0, instance:runner.PetStoreRunner@3270d194]" started-at="2023-06-25T18:10:16 IST" name="tearDownClass" finished-at="2023-06-25T18:10:20 IST" duration-ms="4102" status="PASS">
          <reporter-output>
          </reporter-output>
        </test-method> <!-- tearDownClass -->
      </class> <!-- runner.PetStoreRunner -->
    </test> <!-- Default test -->
  </suite> <!-- Default suite -->
</testng-results>
