<?xml version="1.0" encoding="UTF-8"?>
<testng-results ignored="0" total="3" passed="3" failed="0" skipped="0">
  <reporter-output>
  </reporter-output>
  <suite started-at="2023-06-26T12:39:13 IST" name="Default suite" finished-at="2023-06-26T12:39:49 IST" duration-ms="36153">
    <groups>
      <group name="cucumber">
        <method signature="AbstractTestNGCucumberTests.runScenario(io.cucumber.testng.PickleWrapper,io.cucumber.testng.FeatureWrapper)[pri:0, instance:runner.PetStoreRunner@3270d194]" name="runScenario" class="io.cucumber.testng.AbstractTestNGCucumberTests"/>
      </group> <!-- cucumber -->
    </groups>
    <test started-at="2023-06-26T12:39:13 IST" name="Default test" finished-at="2023-06-26T12:39:49 IST" duration-ms="36153">
      <class name="runner.PetStoreRunner">
        <test-method is-config="true" signature="setUpClass(org.testng.ITestContext)[pri:0, instance:runner.PetStoreRunner@3270d194]" started-at="2023-06-26T12:39:13 IST" name="setUpClass" finished-at="2023-06-26T12:39:14 IST" duration-ms="1135" status="PASS">
          <params>
            <param index="0">
              <value>
                <![CDATA[org.testng.TestRunner@51c65a43]]>
              </value>
            </param>
          </params>
          <reporter-output>
          </reporter-output>
        </test-method> <!-- setUpClass -->
        <test-method signature="runScenario(io.cucumber.testng.PickleWrapper,io.cucumber.testng.FeatureWrapper)[pri:0, instance:runner.PetStoreRunner@3270d194]" started-at="2023-06-26T12:39:14 IST" name="runScenario" description="Runs Cucumber Scenarios" data-provider="scenarios" finished-at="2023-06-26T12:39:28 IST" duration-ms="13549" status="PASS">
          <params>
            <param index="0">
              <value>
                <![CDATA["Select a product and add item to cart"]]>
              </value>
            </param>
            <param index="1">
              <value>
                <![CDATA["add to cart"]]>
              </value>
            </param>
          </params>
          <reporter-output>
          </reporter-output>
        </test-method> <!-- runScenario -->
        <test-method signature="runScenario(io.cucumber.testng.PickleWrapper,io.cucumber.testng.FeatureWrapper)[pri:0, instance:runner.PetStoreRunner@3270d194]" started-at="2023-06-26T12:39:28 IST" name="runScenario" description="Runs Cucumber Scenarios" data-provider="scenarios" finished-at="2023-06-26T12:39:37 IST" duration-ms="9440" status="PASS">
          <params>
            <param index="0">
              <value>
                <![CDATA["creat an account"]]>
              </value>
            </param>
            <param index="1">
              <value>
                <![CDATA["Registration"]]>
              </value>
            </param>
          </params>
          <reporter-output>
          </reporter-output>
        </test-method> <!-- runScenario -->
        <test-method signature="runScenario(io.cucumber.testng.PickleWrapper,io.cucumber.testng.FeatureWrapper)[pri:0, instance:runner.PetStoreRunner@3270d194]" started-at="2023-06-26T12:39:37 IST" name="runScenario" description="Runs Cucumber Scenarios" data-provider="scenarios" finished-at="2023-06-26T12:39:45 IST" duration-ms="7268" status="PASS">
          <params>
            <param index="0">
              <value>
                <![CDATA["SignIn with valid credentials"]]>
              </value>
            </param>
            <param index="1">
              <value>
                <![CDATA["SignIn"]]>
              </value>
            </param>
          </params>
          <reporter-output>
          </reporter-output>
        </test-method> <!-- runScenario -->
        <test-method is-config="true" signature="tearDownClass()[pri:0, instance:runner.PetStoreRunner@3270d194]" started-at="2023-06-26T12:39:45 IST" name="tearDownClass" finished-at="2023-06-26T12:39:49 IST" duration-ms="4674" status="PASS">
          <reporter-output>
          </reporter-output>
        </test-method> <!-- tearDownClass -->
      </class> <!-- runner.PetStoreRunner -->
    </test> <!-- Default test -->
  </suite> <!-- Default suite -->
</testng-results>
